Using pre-set license
Built from '2020.3/staging' branch; Version is '2020.3.6f1 (338bb68529b2) revision 3378102'; Using compiler version '192528614'; Build Type 'Release'
OS: 'Windows 10 Home; OS build 19042.1466; Version 2009; 64bit' Language: 'en' Physical Memory: 16293 MB
BatchMode: 1, IsHumanControllingUs: 0, StartBugReporterOnCrash: 0, Is64bit: 1, IsPro: 0

 COMMAND LINE ARGUMENTS:
C:\Program Files\Unity\Hub\Editor\2020.3.6f1\Editor\Unity.exe
-adb2
-batchMode
-noUpm
-name
AssetImportWorker0
-projectPath
C:/Users/Demon/OneDrive/Documents/GitHub/aaSemester06/GAME3011_A2/GAME3011_A2_BlakeLiam
-logFile
Logs/AssetImportWorker0.log
-srvPort
49180
Successfully changed project path to: C:/Users/Demon/OneDrive/Documents/GitHub/aaSemester06/GAME3011_A2/GAME3011_A2_BlakeLiam
C:/Users/Demon/OneDrive/Documents/GitHub/aaSemester06/GAME3011_A2/GAME3011_A2_BlakeLiam
Using Asset Import Pipeline V2.
Refreshing native plugins compatible for Editor in 28.55 ms, found 0 plugins.
Preloading 0 native plugins for Editor in 0.00 ms.
Initialize engine version: 2020.3.6f1 (338bb68529b2)
[Subsystems] Discovering subsystems at path C:/Program Files/Unity/Hub/Editor/2020.3.6f1/Editor/Data/Resources/UnitySubsystems
[Subsystems] Discovering subsystems at path C:/Users/Demon/OneDrive/Documents/GitHub/aaSemester06/GAME3011_A2/GAME3011_A2_BlakeLiam/Assets
GfxDevice: creating device client; threaded=0
Direct3D:
    Version:  Direct3D 11.0 [level 11.1]
    Renderer: NVIDIA GeForce RTX 2070 SUPER (ID=0x1e84)
    Vendor:   
    VRAM:     8012 MB
    Driver:   30.0.15.1123
Initialize mono
Mono path[0] = 'C:/Program Files/Unity/Hub/Editor/2020.3.6f1/Editor/Data/Managed'
Mono path[1] = 'C:/Program Files/Unity/Hub/Editor/2020.3.6f1/Editor/Data/MonoBleedingEdge/lib/mono/unityjit'
Mono config path = 'C:/Program Files/Unity/Hub/Editor/2020.3.6f1/Editor/Data/MonoBleedingEdge/etc'
Using monoOptions --debugger-agent=transport=dt_socket,embedding=1,server=y,suspend=n,address=127.0.0.1:56564
Begin MonoManager ReloadAssembly
Registering precompiled unity dll's ...
Register platform support module: C:/Program Files/Unity/Hub/Editor/2020.3.6f1/Editor/Data/PlaybackEngines/WindowsStandaloneSupport/UnityEditor.WindowsStandalone.Extensions.dll
Registered in 0.004509 seconds.
Native extension for WindowsStandalone target not found
Refreshing native plugins compatible for Editor in 25.85 ms, found 0 plugins.
Preloading 0 native plugins for Editor in 0.00 ms.
Mono: successfully reloaded assembly
- Completed reload, in  1.493 seconds
Platform modules already initialized, skipping
Registering precompiled user dll's ...
Registered in 0.000978 seconds.
Begin MonoManager ReloadAssembly
Native extension for WindowsStandalone target not found
Refreshing native plugins compatible for Editor in 0.20 ms, found 0 plugins.
Preloading 0 native plugins for Editor in 0.00 ms.
Mono: successfully reloaded assembly
- Completed reload, in  1.067 seconds
Platform modules already initialized, skipping
========================================================================
Worker process is ready to serve import requests
Launched and connected shader compiler UnityShaderCompiler.exe after 0.05 seconds
Refreshing native plugins compatible for Editor in 0.21 ms, found 0 plugins.
Preloading 0 native plugins for Editor in 0.00 ms.
Unloading 1198 Unused Serialized files (Serialized files now loaded: 0)
System memory in use before: 62.1 MB.
System memory in use after: 62.1 MB.

Unloading 10 unused Assets to reduce memory usage. Loaded Objects now: 1641.
Total: 2.233100 ms (FindLiveObjects: 0.363000 ms CreateObjectMapping: 0.051200 ms MarkObjects: 1.734700 ms  DeleteObjects: 0.082900 ms)

========================================================================
Received Import Request.
  path: Assets/[Scripts]/LockPickManager.cs
  artifactKey: Guid(23f485d8f7329ff47993ecb73d21be27) Importer(815301076,1909f56bfc062723c751e8b465ee728b)
Start importing Assets/[Scripts]/LockPickManager.cs using Guid(23f485d8f7329ff47993ecb73d21be27) Importer(815301076,1909f56bfc062723c751e8b465ee728b)  -> (artifact id: 'd514378bc427f868957a6753d7641f1b') in 0.036205 seconds
  Import took 0.038475 seconds .

========================================================================
Received Import Request.
  Time since last request: 27.332512 seconds.
  path: Assets/[Scripts]/LockPickManager.cs
  artifactKey: Guid(23f485d8f7329ff47993ecb73d21be27) Importer(815301076,1909f56bfc062723c751e8b465ee728b)
Start importing Assets/[Scripts]/LockPickManager.cs using Guid(23f485d8f7329ff47993ecb73d21be27) Importer(815301076,1909f56bfc062723c751e8b465ee728b)  -> (artifact id: 'd9ca5a4a80be77b44cd215328885bea7') in 0.004277 seconds
  Import took 0.006555 seconds .

========================================================================
Received Import Request.
  Time since last request: 24.578593 seconds.
  path: Assets/[Scripts]/LockPickManager.cs
  artifactKey: Guid(23f485d8f7329ff47993ecb73d21be27) Importer(815301076,1909f56bfc062723c751e8b465ee728b)
Start importing Assets/[Scripts]/LockPickManager.cs using Guid(23f485d8f7329ff47993ecb73d21be27) Importer(815301076,1909f56bfc062723c751e8b465ee728b)  -> (artifact id: '7f83c34a2fc519e719815737b9fedbb1') in 0.004249 seconds
  Import took 0.006556 seconds .

========================================================================
Received Import Request.
  Time since last request: 12.013688 seconds.
  path: Assets/[Scripts]/LockPickManager.cs
  artifactKey: Guid(23f485d8f7329ff47993ecb73d21be27) Importer(815301076,1909f56bfc062723c751e8b465ee728b)
Start importing Assets/[Scripts]/LockPickManager.cs using Guid(23f485d8f7329ff47993ecb73d21be27) Importer(815301076,1909f56bfc062723c751e8b465ee728b)  -> (artifact id: 'e81b285fb0e4dc4938e6e96005427dc9') in 0.005146 seconds
  Import took 0.007133 seconds .

========================================================================
Received Import Request.
  Time since last request: 12.699135 seconds.
  path: Assets/[Scripts]/LockPickManager.cs
  artifactKey: Guid(23f485d8f7329ff47993ecb73d21be27) Importer(815301076,1909f56bfc062723c751e8b465ee728b)
Start importing Assets/[Scripts]/LockPickManager.cs using Guid(23f485d8f7329ff47993ecb73d21be27) Importer(815301076,1909f56bfc062723c751e8b465ee728b)  -> (artifact id: '5f80ceaab1dd9af4995a0830ce55403f') in 0.003946 seconds
  Import took 0.006113 seconds .

========================================================================
Received Import Request.
  Time since last request: 4.058764 seconds.
  path: Assets/[Scripts]/LockPickManager.cs
  artifactKey: Guid(23f485d8f7329ff47993ecb73d21be27) Importer(815301076,1909f56bfc062723c751e8b465ee728b)
Start importing Assets/[Scripts]/LockPickManager.cs using Guid(23f485d8f7329ff47993ecb73d21be27) Importer(815301076,1909f56bfc062723c751e8b465ee728b)  -> (artifact id: 'ed6fb1f9b83268892d8b361e177fb79e') in 0.003939 seconds
  Import took 0.006111 seconds .

========================================================================
Received Import Request.
  Time since last request: 38.482478 seconds.
  path: Assets/[Scripts]/LockPickManager.cs
  artifactKey: Guid(23f485d8f7329ff47993ecb73d21be27) Importer(815301076,1909f56bfc062723c751e8b465ee728b)
Start importing Assets/[Scripts]/LockPickManager.cs using Guid(23f485d8f7329ff47993ecb73d21be27) Importer(815301076,1909f56bfc062723c751e8b465ee728b)  -> (artifact id: '372c0872e9a13497420380adfa6fc95a') in 0.004249 seconds
  Import took 0.006373 seconds .

========================================================================
Received Import Request.
  Time since last request: 101.175852 seconds.
  path: Assets/[Scripts]/LockPickManager.cs
  artifactKey: Guid(23f485d8f7329ff47993ecb73d21be27) Importer(815301076,1909f56bfc062723c751e8b465ee728b)
Start importing Assets/[Scripts]/LockPickManager.cs using Guid(23f485d8f7329ff47993ecb73d21be27) Importer(815301076,1909f56bfc062723c751e8b465ee728b)  -> (artifact id: '21632c835be64735717a15b801760bb2') in 0.004033 seconds
  Import took 0.006293 seconds .

========================================================================
Received Import Request.
  Time since last request: 7.430488 seconds.
  path: Assets/[Scripts]/LockPickManager.cs
  artifactKey: Guid(23f485d8f7329ff47993ecb73d21be27) Importer(815301076,1909f56bfc062723c751e8b465ee728b)
Start importing Assets/[Scripts]/LockPickManager.cs using Guid(23f485d8f7329ff47993ecb73d21be27) Importer(815301076,1909f56bfc062723c751e8b465ee728b)  -> (artifact id: '8a5884c375f644fd310ef1de7d7ae3df') in 0.004454 seconds
  Import took 0.006644 seconds .

========================================================================
Received Prepare
Registering precompiled user dll's ...
Registered in 0.000838 seconds.
Begin MonoManager ReloadAssembly
Native extension for WindowsStandalone target not found
Refreshing native plugins compatible for Editor in 0.20 ms, found 0 plugins.
Preloading 0 native plugins for Editor in 0.00 ms.
Mono: successfully reloaded assembly
- Completed reload, in  0.794 seconds
Platform modules already initialized, skipping
Refreshing native plugins compatible for Editor in 0.19 ms, found 0 plugins.
Preloading 0 native plugins for Editor in 0.00 ms.
Unloading 1180 Unused Serialized files (Serialized files now loaded: 0)
System memory in use before: 60.7 MB.
System memory in use after: 60.8 MB.

Unloading 5 unused Assets to reduce memory usage. Loaded Objects now: 1644.
Total: 1.456200 ms (FindLiveObjects: 0.139000 ms CreateObjectMapping: 0.041900 ms MarkObjects: 1.228300 ms  DeleteObjects: 0.046100 ms)

========================================================================
Received Prepare
Registering precompiled user dll's ...
Registered in 0.000950 seconds.
Begin MonoManager ReloadAssembly
Native extension for WindowsStandalone target not found
Refreshing native plugins compatible for Editor in 0.20 ms, found 0 plugins.
Preloading 0 native plugins for Editor in 0.00 ms.
Mono: successfully reloaded assembly
- Completed reload, in  0.767 seconds
Platform modules already initialized, skipping
Refreshing native plugins compatible for Editor in 0.19 ms, found 0 plugins.
Preloading 0 native plugins for Editor in 0.00 ms.
Unloading 1180 Unused Serialized files (Serialized files now loaded: 0)
System memory in use before: 60.7 MB.
System memory in use after: 60.8 MB.

Unloading 5 unused Assets to reduce memory usage. Loaded Objects now: 1647.
Total: 1.581800 ms (FindLiveObjects: 0.117900 ms CreateObjectMapping: 0.036300 ms MarkObjects: 1.381600 ms  DeleteObjects: 0.044900 ms)

========================================================================
Received Prepare
Registering precompiled user dll's ...
Registered in 0.000769 seconds.
Begin MonoManager ReloadAssembly
Native extension for WindowsStandalone target not found
Refreshing native plugins compatible for Editor in 0.20 ms, found 0 plugins.
Preloading 0 native plugins for Editor in 0.00 ms.
Mono: successfully reloaded assembly
- Completed reload, in  0.776 seconds
Platform modules already initialized, skipping
Refreshing native plugins compatible for Editor in 0.20 ms, found 0 plugins.
Preloading 0 native plugins for Editor in 0.00 ms.
Unloading 1180 Unused Serialized files (Serialized files now loaded: 0)
System memory in use before: 60.8 MB.
System memory in use after: 60.8 MB.

Unloading 5 unused Assets to reduce memory usage. Loaded Objects now: 1650.
Total: 1.548800 ms (FindLiveObjects: 0.117700 ms CreateObjectMapping: 0.037300 ms MarkObjects: 1.348100 ms  DeleteObjects: 0.044500 ms)

========================================================================
Received Prepare
Registering precompiled user dll's ...
Registered in 0.000781 seconds.
Begin MonoManager ReloadAssembly
Native extension for WindowsStandalone target not found
Refreshing native plugins compatible for Editor in 0.20 ms, found 0 plugins.
Preloading 0 native plugins for Editor in 0.00 ms.
Mono: successfully reloaded assembly
- Completed reload, in  0.768 seconds
Platform modules already initialized, skipping
Refreshing native plugins compatible for Editor in 0.20 ms, found 0 plugins.
Preloading 0 native plugins for Editor in 0.00 ms.
Unloading 1180 Unused Serialized files (Serialized files now loaded: 0)
System memory in use before: 60.8 MB.
System memory in use after: 60.8 MB.

Unloading 5 unused Assets to reduce memory usage. Loaded Objects now: 1653.
Total: 1.625100 ms (FindLiveObjects: 0.121200 ms CreateObjectMapping: 0.036900 ms MarkObjects: 1.416800 ms  DeleteObjects: 0.048800 ms)

========================================================================
Received Prepare
Registering precompiled user dll's ...
Registered in 0.000801 seconds.
Begin MonoManager ReloadAssembly
Native extension for WindowsStandalone target not found
Refreshing native plugins compatible for Editor in 0.33 ms, found 0 plugins.
Preloading 0 native plugins for Editor in 0.00 ms.
Mono: successfully reloaded assembly
- Completed reload, in  0.791 seconds
Platform modules already initialized, skipping
Refreshing native plugins compatible for Editor in 0.19 ms, found 0 plugins.
Preloading 0 native plugins for Editor in 0.00 ms.
Unloading 1180 Unused Serialized files (Serialized files now loaded: 0)
System memory in use before: 60.8 MB.
System memory in use after: 60.8 MB.

Unloading 5 unused Assets to reduce memory usage. Loaded Objects now: 1656.
Total: 1.457700 ms (FindLiveObjects: 0.106500 ms CreateObjectMapping: 0.031900 ms MarkObjects: 1.277400 ms  DeleteObjects: 0.041200 ms)

========================================================================
Received Import Request.
  Time since last request: 1366.195761 seconds.
  path: Assets/[Prefabs]/LockPickUI.prefab
  artifactKey: Guid(46cbe59e3b45ec94c9d651fa0e3020ec) Importer(815301076,1909f56bfc062723c751e8b465ee728b)
Start importing Assets/[Prefabs]/LockPickUI.prefab using Guid(46cbe59e3b45ec94c9d651fa0e3020ec) Importer(815301076,1909f56bfc062723c751e8b465ee728b)  -> (artifact id: '3a04e317978133d7d1c1c944d0f6c521') in 0.093445 seconds
  Import took 0.095623 seconds .

========================================================================
Received Import Request.
  Time since last request: 0.000211 seconds.
  path: Assets/[Prefabs]/LockPickManager.prefab
  artifactKey: Guid(dcc908d7b793e6644ae8ba7ad35b2eea) Importer(815301076,1909f56bfc062723c751e8b465ee728b)
Start importing Assets/[Prefabs]/LockPickManager.prefab using Guid(dcc908d7b793e6644ae8ba7ad35b2eea) Importer(815301076,1909f56bfc062723c751e8b465ee728b)  -> (artifact id: '80fb024b6291f2ad32a52ad079adeedd') in 0.006772 seconds
  Import took 0.008677 seconds .

========================================================================
Received Import Request.
  Time since last request: 0.017897 seconds.
  path: Assets/[Prefabs]/LockPickManager.prefab
  artifactKey: Guid(dcc908d7b793e6644ae8ba7ad35b2eea) Importer(815301076,1909f56bfc062723c751e8b465ee728b)
Start importing Assets/[Prefabs]/LockPickManager.prefab using Guid(dcc908d7b793e6644ae8ba7ad35b2eea) Importer(815301076,1909f56bfc062723c751e8b465ee728b)  -> (artifact id: '80fb024b6291f2ad32a52ad079adeedd') in 0.006099 seconds
  Import took 0.007926 seconds .

========================================================================
Received Prepare
Registering precompiled user dll's ...
Registered in 0.000801 seconds.
Begin MonoManager ReloadAssembly
Native extension for WindowsStandalone target not found
Refreshing native plugins compatible for Editor in 0.20 ms, found 0 plugins.
Preloading 0 native plugins for Editor in 0.00 ms.
Mono: successfully reloaded assembly
- Completed reload, in  0.768 seconds
Platform modules already initialized, skipping
Refreshing native plugins compatible for Editor in 0.20 ms, found 0 plugins.
Preloading 0 native plugins for Editor in 0.00 ms.
Unloading 1180 Unused Serialized files (Serialized files now loaded: 0)
System memory in use before: 60.8 MB.
System memory in use after: 60.9 MB.

Unloading 6 unused Assets to reduce memory usage. Loaded Objects now: 1659.
Total: 1.554500 ms (FindLiveObjects: 0.120500 ms CreateObjectMapping: 0.037600 ms MarkObjects: 1.350200 ms  DeleteObjects: 0.045400 ms)

========================================================================
Received Prepare
Registering precompiled user dll's ...
Registered in 0.001182 seconds.
Begin MonoManager ReloadAssembly
Native extension for WindowsStandalone target not found
Refreshing native plugins compatible for Editor in 0.20 ms, found 0 plugins.
Preloading 0 native plugins for Editor in 0.00 ms.
Mono: successfully reloaded assembly
- Completed reload, in  0.841 seconds
Platform modules already initialized, skipping
Refreshing native plugins compatible for Editor in 0.22 ms, found 0 plugins.
Preloading 0 native plugins for Editor in 0.00 ms.
Unloading 1180 Unused Serialized files (Serialized files now loaded: 0)
System memory in use before: 60.8 MB.
System memory in use after: 60.9 MB.

Unloading 5 unused Assets to reduce memory usage. Loaded Objects now: 1662.
Total: 1.711900 ms (FindLiveObjects: 0.163200 ms CreateObjectMapping: 0.053000 ms MarkObjects: 1.453600 ms  DeleteObjects: 0.040700 ms)

========================================================================
Received Prepare
Registering precompiled user dll's ...
Registered in 0.000788 seconds.
Begin MonoManager ReloadAssembly
Native extension for WindowsStandalone target not found
Refreshing native plugins compatible for Editor in 0.20 ms, found 0 plugins.
Preloading 0 native plugins for Editor in 0.00 ms.
Mono: successfully reloaded assembly
- Completed reload, in  0.801 seconds
Platform modules already initialized, skipping
Refreshing native plugins compatible for Editor in 0.20 ms, found 0 plugins.
Preloading 0 native plugins for Editor in 0.00 ms.
Unloading 1180 Unused Serialized files (Serialized files now loaded: 0)
System memory in use before: 60.8 MB.
System memory in use after: 60.9 MB.

Unloading 5 unused Assets to reduce memory usage. Loaded Objects now: 1665.
Total: 1.553700 ms (FindLiveObjects: 0.115400 ms CreateObjectMapping: 0.034900 ms MarkObjects: 1.360000 ms  DeleteObjects: 0.041600 ms)

========================================================================
Received Prepare
Registering precompiled user dll's ...
Registered in 0.000819 seconds.
Begin MonoManager ReloadAssembly
Native extension for WindowsStandalone target not found
Refreshing native plugins compatible for Editor in 0.32 ms, found 0 plugins.
Preloading 0 native plugins for Editor in 0.00 ms.
Mono: successfully reloaded assembly
- Completed reload, in  0.826 seconds
Platform modules already initialized, skipping
Refreshing native plugins compatible for Editor in 0.21 ms, found 0 plugins.
Preloading 0 native plugins for Editor in 0.00 ms.
Unloading 1180 Unused Serialized files (Serialized files now loaded: 0)
System memory in use before: 60.8 MB.
System memory in use after: 60.9 MB.

Unloading 5 unused Assets to reduce memory usage. Loaded Objects now: 1668.
Total: 1.535700 ms (FindLiveObjects: 0.117900 ms CreateObjectMapping: 0.034000 ms MarkObjects: 1.339700 ms  DeleteObjects: 0.043200 ms)

========================================================================
Received Prepare
Registering precompiled user dll's ...
Registered in 0.000801 seconds.
Begin MonoManager ReloadAssembly
Native extension for WindowsStandalone target not found
Refreshing native plugins compatible for Editor in 0.23 ms, found 0 plugins.
Preloading 0 native plugins for Editor in 0.00 ms.
Mono: successfully reloaded assembly
- Completed reload, in  0.790 seconds
Platform modules already initialized, skipping
Refreshing native plugins compatible for Editor in 0.21 ms, found 0 plugins.
Preloading 0 native plugins for Editor in 0.00 ms.
Unloading 1180 Unused Serialized files (Serialized files now loaded: 0)
System memory in use before: 60.8 MB.
System memory in use after: 60.9 MB.

Unloading 5 unused Assets to reduce memory usage. Loaded Objects now: 1671.
Total: 1.556600 ms (FindLiveObjects: 0.110000 ms CreateObjectMapping: 0.034800 ms MarkObjects: 1.369500 ms  DeleteObjects: 0.041600 ms)

========================================================================
Received Prepare
Registering precompiled user dll's ...
Registered in 0.000923 seconds.
Begin MonoManager ReloadAssembly
Native extension for WindowsStandalone target not found
Refreshing native plugins compatible for Editor in 0.24 ms, found 0 plugins.
Preloading 0 native plugins for Editor in 0.00 ms.
Mono: successfully reloaded assembly
- Completed reload, in  0.847 seconds
Platform modules already initialized, skipping
Refreshing native plugins compatible for Editor in 0.22 ms, found 0 plugins.
Preloading 0 native plugins for Editor in 0.00 ms.
Unloading 1180 Unused Serialized files (Serialized files now loaded: 0)
System memory in use before: 60.8 MB.
System memory in use after: 60.9 MB.

Unloading 5 unused Assets to reduce memory usage. Loaded Objects now: 1674.
Total: 1.648800 ms (FindLiveObjects: 0.165000 ms CreateObjectMapping: 0.044900 ms MarkObjects: 1.366600 ms  DeleteObjects: 0.042500 ms)

========================================================================
Received Prepare
Registering precompiled user dll's ...
Registered in 0.000817 seconds.
Begin MonoManager ReloadAssembly
Native extension for WindowsStandalone target not found
Refreshing native plugins compatible for Editor in 0.20 ms, found 0 plugins.
Preloading 0 native plugins for Editor in 0.00 ms.
Mono: successfully reloaded assembly
- Completed reload, in  0.768 seconds
Platform modules already initialized, skipping
Refreshing native plugins compatible for Editor in 0.20 ms, found 0 plugins.
Preloading 0 native plugins for Editor in 0.00 ms.
Unloading 1180 Unused Serialized files (Serialized files now loaded: 0)
System memory in use before: 60.8 MB.
System memory in use after: 60.9 MB.

Unloading 5 unused Assets to reduce memory usage. Loaded Objects now: 1677.
Total: 1.661300 ms (FindLiveObjects: 0.116100 ms CreateObjectMapping: 0.035800 ms MarkObjects: 1.462000 ms  DeleteObjects: 0.046300 ms)

========================================================================
Received Prepare
Registering precompiled user dll's ...
Registered in 0.000748 seconds.
Begin MonoManager ReloadAssembly
Native extension for WindowsStandalone target not found
Refreshing native plugins compatible for Editor in 0.20 ms, found 0 plugins.
Preloading 0 native plugins for Editor in 0.00 ms.
Mono: successfully reloaded assembly
- Completed reload, in  0.857 seconds
Platform modules already initialized, skipping
Refreshing native plugins compatible for Editor in 0.19 ms, found 0 plugins.
Preloading 0 native plugins for Editor in 0.00 ms.
Unloading 1180 Unused Serialized files (Serialized files now loaded: 0)
System memory in use before: 60.8 MB.
System memory in use after: 60.9 MB.

Unloading 5 unused Assets to reduce memory usage. Loaded Objects now: 1680.
Total: 1.906100 ms (FindLiveObjects: 0.199900 ms CreateObjectMapping: 0.041300 ms MarkObjects: 1.621000 ms  DeleteObjects: 0.043000 ms)

========================================================================
Received Prepare
Registering precompiled user dll's ...
Registered in 0.000769 seconds.
Begin MonoManager ReloadAssembly
Native extension for WindowsStandalone target not found
Refreshing native plugins compatible for Editor in 0.20 ms, found 0 plugins.
Preloading 0 native plugins for Editor in 0.00 ms.
Mono: successfully reloaded assembly
- Completed reload, in  0.767 seconds
Platform modules already initialized, skipping
Refreshing native plugins compatible for Editor in 0.19 ms, found 0 plugins.
Preloading 0 native plugins for Editor in 0.00 ms.
Unloading 1180 Unused Serialized files (Serialized files now loaded: 0)
System memory in use before: 60.8 MB.
System memory in use after: 60.9 MB.

Unloading 5 unused Assets to reduce memory usage. Loaded Objects now: 1683.
Total: 1.492300 ms (FindLiveObjects: 0.110600 ms CreateObjectMapping: 0.033400 ms MarkObjects: 1.307800 ms  DeleteObjects: 0.039400 ms)

========================================================================
Received Prepare
Registering precompiled user dll's ...
Registered in 0.000758 seconds.
Begin MonoManager ReloadAssembly
Native extension for WindowsStandalone target not found
Refreshing native plugins compatible for Editor in 0.20 ms, found 0 plugins.
Preloading 0 native plugins for Editor in 0.00 ms.
Mono: successfully reloaded assembly
- Completed reload, in  0.764 seconds
Platform modules already initialized, skipping
Refreshing native plugins compatible for Editor in 0.19 ms, found 0 plugins.
Preloading 0 native plugins for Editor in 0.00 ms.
Unloading 1180 Unused Serialized files (Serialized files now loaded: 0)
System memory in use before: 60.8 MB.
System memory in use after: 60.9 MB.

Unloading 5 unused Assets to reduce memory usage. Loaded Objects now: 1686.
Total: 1.588300 ms (FindLiveObjects: 0.122500 ms CreateObjectMapping: 0.038100 ms MarkObjects: 1.386600 ms  DeleteObjects: 0.040100 ms)

========================================================================
Received Prepare
Registering precompiled user dll's ...
Registered in 0.000792 seconds.
Begin MonoManager ReloadAssembly
Native extension for WindowsStandalone target not found
Refreshing native plugins compatible for Editor in 0.20 ms, found 0 plugins.
Preloading 0 native plugins for Editor in 0.00 ms.
Mono: successfully reloaded assembly
- Completed reload, in  0.772 seconds
Platform modules already initialized, skipping
Refreshing native plugins compatible for Editor in 0.19 ms, found 0 plugins.
Preloading 0 native plugins for Editor in 0.00 ms.
Unloading 1180 Unused Serialized files (Serialized files now loaded: 0)
System memory in use before: 60.8 MB.
System memory in use after: 60.9 MB.

Unloading 5 unused Assets to reduce memory usage. Loaded Objects now: 1689.
Total: 1.598500 ms (FindLiveObjects: 0.119000 ms CreateObjectMapping: 0.036100 ms MarkObjects: 1.396400 ms  DeleteObjects: 0.045800 ms)

========================================================================
Received Prepare
Registering precompiled user dll's ...
Registered in 0.000816 seconds.
Begin MonoManager ReloadAssembly
Native extension for WindowsStandalone target not found
Refreshing native plugins compatible for Editor in 0.19 ms, found 0 plugins.
Preloading 0 native plugins for Editor in 0.00 ms.
Mono: successfully reloaded assembly
- Completed reload, in  0.763 seconds
Platform modules already initialized, skipping
Refreshing native plugins compatible for Editor in 0.20 ms, found 0 plugins.
Preloading 0 native plugins for Editor in 0.00 ms.
Unloading 1180 Unused Serialized files (Serialized files now loaded: 0)
System memory in use before: 60.8 MB.
System memory in use after: 60.9 MB.

Unloading 5 unused Assets to reduce memory usage. Loaded Objects now: 1692.
Total: 1.674600 ms (FindLiveObjects: 0.151500 ms CreateObjectMapping: 0.036300 ms MarkObjects: 1.442500 ms  DeleteObjects: 0.043200 ms)

========================================================================
Received Prepare
Registering precompiled user dll's ...
Registered in 0.000957 seconds.
Begin MonoManager ReloadAssembly
Native extension for WindowsStandalone target not found
Refreshing native plugins compatible for Editor in 0.20 ms, found 0 plugins.
Preloading 0 native plugins for Editor in 0.00 ms.
Mono: successfully reloaded assembly
- Completed reload, in  0.775 seconds
Platform modules already initialized, skipping
Refreshing native plugins compatible for Editor in 0.19 ms, found 0 plugins.
Preloading 0 native plugins for Editor in 0.00 ms.
Unloading 1180 Unused Serialized files (Serialized files now loaded: 0)
System memory in use before: 60.8 MB.
System memory in use after: 60.9 MB.

Unloading 5 unused Assets to reduce memory usage. Loaded Objects now: 1695.
Total: 1.541200 ms (FindLiveObjects: 0.116500 ms CreateObjectMapping: 0.034900 ms MarkObjects: 1.347500 ms  DeleteObjects: 0.041400 ms)

========================================================================
Received Prepare
Registering precompiled user dll's ...
Registered in 0.000885 seconds.
Begin MonoManager ReloadAssembly
Native extension for WindowsStandalone target not found
Refreshing native plugins compatible for Editor in 0.19 ms, found 0 plugins.
Preloading 0 native plugins for Editor in 0.00 ms.
Mono: successfully reloaded assembly
- Completed reload, in  0.760 seconds
Platform modules already initialized, skipping
Refreshing native plugins compatible for Editor in 0.20 ms, found 0 plugins.
Preloading 0 native plugins for Editor in 0.00 ms.
Unloading 1180 Unused Serialized files (Serialized files now loaded: 0)
System memory in use before: 60.8 MB.
System memory in use after: 60.9 MB.

Unloading 5 unused Assets to reduce memory usage. Loaded Objects now: 1698.
Total: 1.614600 ms (FindLiveObjects: 0.122400 ms CreateObjectMapping: 0.040000 ms MarkObjects: 1.405600 ms  DeleteObjects: 0.045600 ms)

========================================================================
Received Prepare
Registering precompiled user dll's ...
Registered in 0.000835 seconds.
Begin MonoManager ReloadAssembly
Native extension for WindowsStandalone target not found
Refreshing native plugins compatible for Editor in 0.20 ms, found 0 plugins.
Preloading 0 native plugins for Editor in 0.00 ms.
Mono: successfully reloaded assembly
- Completed reload, in  0.777 seconds
Platform modules already initialized, skipping
Refreshing native plugins compatible for Editor in 0.19 ms, found 0 plugins.
Preloading 0 native plugins for Editor in 0.00 ms.
Unloading 1180 Unused Serialized files (Serialized files now loaded: 0)
System memory in use before: 60.9 MB.
System memory in use after: 60.9 MB.

Unloading 5 unused Assets to reduce memory usage. Loaded Objects now: 1701.
Total: 1.706600 ms (FindLiveObjects: 0.128700 ms CreateObjectMapping: 0.037600 ms MarkObjects: 1.489200 ms  DeleteObjects: 0.050100 ms)

========================================================================
Received Prepare
Registering precompiled user dll's ...
Registered in 0.000792 seconds.
Begin MonoManager ReloadAssembly
Native extension for WindowsStandalone target not found
Refreshing native plugins compatible for Editor in 0.20 ms, found 0 plugins.
Preloading 0 native plugins for Editor in 0.00 ms.
Mono: successfully reloaded assembly
- Completed reload, in  0.772 seconds
Platform modules already initialized, skipping
Refreshing native plugins compatible for Editor in 0.20 ms, found 0 plugins.
Preloading 0 native plugins for Editor in 0.00 ms.
Unloading 1180 Unused Serialized files (Serialized files now loaded: 0)
System memory in use before: 60.9 MB.
System memory in use after: 60.9 MB.

Unloading 5 unused Assets to reduce memory usage. Loaded Objects now: 1704.
Total: 1.848000 ms (FindLiveObjects: 0.259000 ms CreateObjectMapping: 0.049800 ms MarkObjects: 1.488700 ms  DeleteObjects: 0.048900 ms)

AssetImportWorkerClient::OnTransportError - code=2 error=End of file
